[23/Nov/2023 09:03:52] INFO [quiet_batch_process_logger:29] Trying to login to TFM...
[23/Nov/2023 09:03:56] INFO [quiet_batch_process_logger:49] Login Successful...
[23/Nov/2023 09:03:56] INFO [quiet_batch_process_logger:64] TFM: Checking if records exist for search purpose...
[23/Nov/2023 09:03:56] INFO [quiet_batch_process_logger:71] TFM: Existing Records Counted...
[23/Nov/2023 09:03:56] ERROR [quiet_batch_process_logger:78] TFM: Running Stored Procedure to find more records...
[23/Nov/2023 09:03:57] INFO [quiet_batch_process_logger:86] TFM TimeSlot: Stored Procedure run finish...
[23/Nov/2023 09:04:07] INFO [quiet_batch_process_logger:64] TFM: Checking if records exist for search purpose...
[23/Nov/2023 09:04:07] INFO [quiet_batch_process_logger:71] TFM: Existing Records Counted...
[23/Nov/2023 09:04:07] INFO [quiet_batch_process_logger:33] TFM: Retrieving recordsfrom DB...
[23/Nov/2023 09:04:07] INFO [quiet_batch_process_logger:41] TFM: Records Retrieved...
[23/Nov/2023 09:04:12] INFO [quiet_batch_process_logger:27] TFM: Timeslots Processed...
[16/Apr/2024 16:03:35] INFO [quiet_batch_process_logger:36] Closed the cookie bar
[16/Apr/2024 16:03:51] INFO [quiet_batch_process_logger:27] TNT: ETA Processed...
[16/Apr/2024 16:17:20] INFO [quiet_batch_process_logger:26] TNT: Retrieving recordsfrom DB...
[16/Apr/2024 16:17:20] INFO [quiet_batch_process_logger:34] TNT: Records Retrieved...
[16/Apr/2024 16:17:21] INFO [quiet_batch_process_logger:36] Closed the cookie bar
[16/Apr/2024 16:23:14] INFO [quiet_batch_process_logger:26] TNT: Retrieving recordsfrom DB...
[16/Apr/2024 16:23:15] INFO [quiet_batch_process_logger:34] TNT: Records Retrieved...
[16/Apr/2024 16:23:39] INFO [quiet_batch_process_logger:26] TNT: Retrieving recordsfrom DB...
[16/Apr/2024 16:23:40] INFO [quiet_batch_process_logger:34] TNT: Records Retrieved...
[16/Apr/2024 16:23:40] INFO [quiet_batch_process_logger:36] Closed the cookie bar
[16/Apr/2024 16:23:56] INFO [quiet_batch_process_logger:47] TNT: ETA Processed...
[16/Apr/2024 16:23:56] INFO [quiet_batch_process_logger:36] Closed the cookie bar
[16/Apr/2024 16:24:45] INFO [quiet_batch_process_logger:26] TNT: Retrieving recordsfrom DB...
[16/Apr/2024 16:24:45] INFO [quiet_batch_process_logger:34] TNT: Records Retrieved...
[16/Apr/2024 16:24:45] INFO [quiet_batch_process_logger:36] Closed the cookie bar
[16/Apr/2024 16:24:48] INFO [quiet_batch_process_logger:47] TNT: ETA Processed...
[16/Apr/2024 16:24:48] INFO [quiet_batch_process_logger:36] Closed the cookie bar
[16/Apr/2024 16:25:34] INFO [quiet_batch_process_logger:26] TNT: Retrieving recordsfrom DB...
[16/Apr/2024 16:25:34] INFO [quiet_batch_process_logger:34] TNT: Records Retrieved...
[16/Apr/2024 16:25:34] INFO [quiet_batch_process_logger:36] Closed the cookie bar
[16/Apr/2024 16:25:39] INFO [quiet_batch_process_logger:47] TNT: ETA Processed...
[16/Apr/2024 16:25:39] INFO [quiet_batch_process_logger:36] Closed the cookie bar
[16/Apr/2024 16:25:45] INFO [quiet_batch_process_logger:47] TNT: ETA Processed...
[16/Apr/2024 16:25:46] INFO [quiet_batch_process_logger:36] Closed the cookie bar
[16/Apr/2024 16:26:10] INFO [quiet_batch_process_logger:47] TNT: ETA Processed...
[16/Apr/2024 16:26:10] INFO [quiet_batch_process_logger:36] Closed the cookie bar
[16/Apr/2024 16:26:34] INFO [quiet_batch_process_logger:47] TNT: ETA Processed...
[16/Apr/2024 16:28:18] INFO [quiet_batch_process_logger:26] TNT: Retrieving recordsfrom DB...
[16/Apr/2024 16:28:18] INFO [quiet_batch_process_logger:34] TNT: Records Retrieved...
[16/Apr/2024 16:28:20] INFO [quiet_batch_process_logger:39] Closed the cookie bar
[16/Apr/2024 16:28:24] INFO [quiet_batch_process_logger:47] TNT: ETA Processed...
[16/Apr/2024 16:29:23] INFO [quiet_batch_process_logger:26] TNT: Retrieving recordsfrom DB...
[16/Apr/2024 16:29:23] INFO [quiet_batch_process_logger:34] TNT: Records Retrieved...
[16/Apr/2024 16:29:28] INFO [quiet_batch_process_logger:47] TNT: ETA Processed...
[16/Apr/2024 16:29:33] INFO [quiet_batch_process_logger:47] TNT: ETA Processed...
[16/Apr/2024 16:29:58] INFO [quiet_batch_process_logger:47] TNT: ETA Processed...
[16/Apr/2024 16:30:04] INFO [quiet_batch_process_logger:47] TNT: ETA Processed...
[16/Apr/2024 16:30:30] INFO [quiet_batch_process_logger:47] TNT: ETA Processed...
[16/Apr/2024 16:30:35] INFO [quiet_batch_process_logger:47] TNT: ETA Processed...
[16/Apr/2024 16:30:41] INFO [quiet_batch_process_logger:47] TNT: ETA Processed...
[16/Apr/2024 16:30:47] INFO [quiet_batch_process_logger:47] TNT: ETA Processed...
[16/Apr/2024 16:30:52] INFO [quiet_batch_process_logger:47] TNT: ETA Processed...
[16/Apr/2024 16:30:57] INFO [quiet_batch_process_logger:47] TNT: ETA Processed...
[16/Apr/2024 16:31:02] INFO [quiet_batch_process_logger:47] TNT: ETA Processed...
[16/Apr/2024 16:31:09] INFO [quiet_batch_process_logger:47] TNT: ETA Processed...
[16/Apr/2024 16:31:14] INFO [quiet_batch_process_logger:47] TNT: ETA Processed...
[16/Apr/2024 16:31:19] INFO [quiet_batch_process_logger:47] TNT: ETA Processed...
[16/Apr/2024 16:31:25] INFO [quiet_batch_process_logger:47] TNT: ETA Processed...
[16/Apr/2024 16:31:30] INFO [quiet_batch_process_logger:47] TNT: ETA Processed...
[16/Apr/2024 16:31:55] INFO [quiet_batch_process_logger:47] TNT: ETA Processed...
[16/Apr/2024 16:32:00] INFO [quiet_batch_process_logger:47] TNT: ETA Processed...
[16/Apr/2024 16:32:05] INFO [quiet_batch_process_logger:47] TNT: ETA Processed...
[16/Apr/2024 16:32:10] INFO [quiet_batch_process_logger:47] TNT: ETA Processed...
[16/Apr/2024 16:32:15] INFO [quiet_batch_process_logger:47] TNT: ETA Processed...
[16/Apr/2024 16:32:20] INFO [quiet_batch_process_logger:47] TNT: ETA Processed...
[16/Apr/2024 16:32:24] INFO [quiet_batch_process_logger:47] TNT: ETA Processed...
[16/Apr/2024 16:32:29] INFO [quiet_batch_process_logger:47] TNT: ETA Processed...
[16/Apr/2024 16:32:34] INFO [quiet_batch_process_logger:47] TNT: ETA Processed...
[16/Apr/2024 16:32:39] INFO [quiet_batch_process_logger:47] TNT: ETA Processed...
[16/Apr/2024 16:32:45] INFO [quiet_batch_process_logger:47] TNT: ETA Processed...
[16/Apr/2024 16:32:52] INFO [quiet_batch_process_logger:47] TNT: ETA Processed...
[16/Apr/2024 16:32:59] INFO [quiet_batch_process_logger:47] TNT: ETA Processed...
[18/Apr/2024 09:02:49] INFO [quiet_batch_process_logger:26] TNT: Retrieving recordsfrom DB...
[18/Apr/2024 09:02:51] INFO [quiet_batch_process_logger:34] TNT: Records Retrieved...
[18/Apr/2024 09:02:56] INFO [quiet_batch_process_logger:47] TNT: ETA Processed...
[18/Apr/2024 09:03:00] INFO [quiet_batch_process_logger:47] TNT: ETA Processed...
[18/Apr/2024 09:03:05] INFO [quiet_batch_process_logger:47] TNT: ETA Processed...
[18/Apr/2024 09:25:41] INFO [quiet_batch_process_logger:26] TNT: Retrieving recordsfrom DB...
[18/Apr/2024 09:25:41] ERROR [quiet_batch_process_logger:40] TNT: Error : tuple index out of range
[18/Apr/2024 09:26:03] INFO [quiet_batch_process_logger:26] TNT: Retrieving recordsfrom DB...
[18/Apr/2024 09:26:03] ERROR [quiet_batch_process_logger:40] TNT: Error : tuple index out of range
[18/Apr/2024 11:23:02] INFO [quiet_batch_process_logger:26] TNT: Retrieving recordsfrom DB...
[18/Apr/2024 11:23:09] INFO [quiet_batch_process_logger:47] TNT: ETA Processed...
[18/Apr/2024 11:23:14] INFO [quiet_batch_process_logger:47] TNT: ETA Processed...
[18/Apr/2024 11:23:18] INFO [quiet_batch_process_logger:47] TNT: ETA Processed...
[18/Apr/2024 11:23:24] INFO [quiet_batch_process_logger:47] TNT: ETA Processed...
[18/Apr/2024 11:23:25] INFO [quiet_batch_process_logger:47] TNT: ETA Processed...
[18/Apr/2024 11:24:33] INFO [quiet_batch_process_logger:26] TNT: Retrieving recordsfrom DB...
[18/Apr/2024 11:24:46] INFO [quiet_batch_process_logger:47] TNT: ETA Processed...
[18/Apr/2024 11:24:51] INFO [quiet_batch_process_logger:47] TNT: ETA Processed...
[18/Apr/2024 11:24:56] INFO [quiet_batch_process_logger:47] TNT: ETA Processed...
[18/Apr/2024 11:25:01] INFO [quiet_batch_process_logger:47] TNT: ETA Processed...
[18/Apr/2024 11:25:06] INFO [quiet_batch_process_logger:47] TNT: ETA Processed...
[18/Apr/2024 11:25:11] INFO [quiet_batch_process_logger:47] TNT: ETA Processed...
[18/Apr/2024 11:25:15] INFO [quiet_batch_process_logger:47] TNT: ETA Processed...
[18/Apr/2024 11:25:19] INFO [quiet_batch_process_logger:47] TNT: ETA Processed...
[18/Apr/2024 11:28:15] INFO [quiet_batch_process_logger:26] TNT: Retrieving recordsfrom DB...
[18/Apr/2024 11:28:21] INFO [quiet_batch_process_logger:47] TNT: ETA Processed...
[18/Apr/2024 11:28:23] INFO [quiet_batch_process_logger:47] TNT: ETA Processed...
[18/Apr/2024 11:33:37] INFO [quiet_batch_process_logger:26] TNT: Retrieving recordsfrom DB...
[18/Apr/2024 11:33:43] INFO [quiet_batch_process_logger:47] TNT: ETA Processed...
[18/Apr/2024 11:33:48] INFO [quiet_batch_process_logger:47] TNT: ETA Processed...
[18/Apr/2024 11:33:52] INFO [quiet_batch_process_logger:47] TNT: ETA Processed...
[18/Apr/2024 11:34:17] INFO [quiet_batch_process_logger:47] TNT: ETA Processed...
[18/Apr/2024 11:34:22] INFO [quiet_batch_process_logger:47] TNT: ETA Processed...
[18/Apr/2024 11:34:46] INFO [quiet_batch_process_logger:47] TNT: ETA Processed...
[18/Apr/2024 11:34:51] INFO [quiet_batch_process_logger:47] TNT: ETA Processed...
[18/Apr/2024 11:34:56] INFO [quiet_batch_process_logger:47] TNT: ETA Processed...
[18/Apr/2024 11:35:01] INFO [quiet_batch_process_logger:47] TNT: ETA Processed...
[18/Apr/2024 11:35:06] INFO [quiet_batch_process_logger:47] TNT: ETA Processed...
[18/Apr/2024 11:35:11] INFO [quiet_batch_process_logger:47] TNT: ETA Processed...
[18/Apr/2024 11:35:15] INFO [quiet_batch_process_logger:47] TNT: ETA Processed...
[18/Apr/2024 11:35:20] INFO [quiet_batch_process_logger:47] TNT: ETA Processed...
[18/Apr/2024 11:35:24] INFO [quiet_batch_process_logger:47] TNT: ETA Processed...
[18/Apr/2024 11:35:29] INFO [quiet_batch_process_logger:47] TNT: ETA Processed...
[18/Apr/2024 11:35:53] INFO [quiet_batch_process_logger:47] TNT: ETA Processed...
[18/Apr/2024 11:35:58] INFO [quiet_batch_process_logger:47] TNT: ETA Processed...
[18/Apr/2024 11:36:02] INFO [quiet_batch_process_logger:47] TNT: ETA Processed...
[18/Apr/2024 11:36:07] INFO [quiet_batch_process_logger:47] TNT: ETA Processed...
[18/Apr/2024 11:36:11] INFO [quiet_batch_process_logger:47] TNT: ETA Processed...
[18/Apr/2024 11:36:16] INFO [quiet_batch_process_logger:47] TNT: ETA Processed...
[18/Apr/2024 11:36:21] INFO [quiet_batch_process_logger:47] TNT: ETA Processed...
[18/Apr/2024 11:36:25] INFO [quiet_batch_process_logger:47] TNT: ETA Processed...
[18/Apr/2024 11:36:43] INFO [quiet_batch_process_logger:26] TNT: Retrieving recordsfrom DB...
[18/Apr/2024 11:37:10] INFO [quiet_batch_process_logger:47] TNT: ETA Processed...
[18/Apr/2024 11:37:35] INFO [quiet_batch_process_logger:47] TNT: ETA Processed...
[18/Apr/2024 11:37:40] INFO [quiet_batch_process_logger:47] TNT: ETA Processed...
[18/Apr/2024 11:37:45] INFO [quiet_batch_process_logger:47] TNT: ETA Processed...
[18/Apr/2024 11:37:49] INFO [quiet_batch_process_logger:47] TNT: ETA Processed...
[18/Apr/2024 11:38:14] INFO [quiet_batch_process_logger:47] TNT: ETA Processed...
[18/Apr/2024 11:38:19] INFO [quiet_batch_process_logger:47] TNT: ETA Processed...
[18/Apr/2024 11:38:23] INFO [quiet_batch_process_logger:47] TNT: ETA Processed...
[18/Apr/2024 11:38:28] INFO [quiet_batch_process_logger:47] TNT: ETA Processed...
[18/Apr/2024 11:38:32] INFO [quiet_batch_process_logger:47] TNT: ETA Processed...
[18/Apr/2024 11:38:37] INFO [quiet_batch_process_logger:47] TNT: ETA Processed...
[18/Apr/2024 11:39:02] INFO [quiet_batch_process_logger:47] TNT: ETA Processed...
[18/Apr/2024 11:39:06] INFO [quiet_batch_process_logger:47] TNT: ETA Processed...
[18/Apr/2024 11:39:11] INFO [quiet_batch_process_logger:47] TNT: ETA Processed...
[18/Apr/2024 11:39:15] INFO [quiet_batch_process_logger:47] TNT: ETA Processed...
[18/Apr/2024 11:39:20] INFO [quiet_batch_process_logger:47] TNT: ETA Processed...
[18/Apr/2024 11:39:24] INFO [quiet_batch_process_logger:47] TNT: ETA Processed...
[18/Apr/2024 11:39:29] INFO [quiet_batch_process_logger:47] TNT: ETA Processed...
[18/Apr/2024 11:39:33] INFO [quiet_batch_process_logger:47] TNT: ETA Processed...
[18/Apr/2024 11:39:38] INFO [quiet_batch_process_logger:47] TNT: ETA Processed...
[18/Apr/2024 11:39:43] INFO [quiet_batch_process_logger:47] TNT: ETA Processed...
[18/Apr/2024 11:39:47] INFO [quiet_batch_process_logger:47] TNT: ETA Processed...
[18/Apr/2024 11:39:52] INFO [quiet_batch_process_logger:47] TNT: ETA Processed...
[18/Apr/2024 11:39:56] INFO [quiet_batch_process_logger:47] TNT: ETA Processed...
[18/Apr/2024 11:40:01] INFO [quiet_batch_process_logger:47] TNT: ETA Processed...
[18/Apr/2024 11:40:25] INFO [quiet_batch_process_logger:47] TNT: ETA Processed...
[18/Apr/2024 11:40:30] INFO [quiet_batch_process_logger:47] TNT: ETA Processed...
[18/Apr/2024 11:40:35] INFO [quiet_batch_process_logger:47] TNT: ETA Processed...
[18/Apr/2024 11:40:39] INFO [quiet_batch_process_logger:47] TNT: ETA Processed...
[18/Apr/2024 11:40:44] INFO [quiet_batch_process_logger:47] TNT: ETA Processed...
[18/Apr/2024 11:40:48] INFO [quiet_batch_process_logger:47] TNT: ETA Processed...
[18/Apr/2024 11:40:53] INFO [quiet_batch_process_logger:47] TNT: ETA Processed...
[18/Apr/2024 11:40:57] INFO [quiet_batch_process_logger:47] TNT: ETA Processed...
[18/Apr/2024 11:41:02] INFO [quiet_batch_process_logger:47] TNT: ETA Processed...
[18/Apr/2024 11:41:06] INFO [quiet_batch_process_logger:47] TNT: ETA Processed...
[18/Apr/2024 11:41:11] INFO [quiet_batch_process_logger:47] TNT: ETA Processed...
[18/Apr/2024 11:41:15] INFO [quiet_batch_process_logger:47] TNT: ETA Processed...
[18/Apr/2024 11:41:40] INFO [quiet_batch_process_logger:47] TNT: ETA Processed...
[18/Apr/2024 11:41:45] INFO [quiet_batch_process_logger:47] TNT: ETA Processed...
[18/Apr/2024 11:41:49] INFO [quiet_batch_process_logger:47] TNT: ETA Processed...
[18/Apr/2024 11:41:54] INFO [quiet_batch_process_logger:47] TNT: ETA Processed...
[18/Apr/2024 11:41:58] INFO [quiet_batch_process_logger:47] TNT: ETA Processed...
[18/Apr/2024 11:42:03] INFO [quiet_batch_process_logger:47] TNT: ETA Processed...
[18/Apr/2024 11:42:07] INFO [quiet_batch_process_logger:47] TNT: ETA Processed...
[18/Apr/2024 11:42:11] INFO [quiet_batch_process_logger:47] TNT: ETA Processed...
[18/Apr/2024 11:42:16] INFO [quiet_batch_process_logger:47] TNT: ETA Processed...
[18/Apr/2024 11:42:20] INFO [quiet_batch_process_logger:47] TNT: ETA Processed...
[18/Apr/2024 11:42:25] INFO [quiet_batch_process_logger:47] TNT: ETA Processed...
[18/Apr/2024 11:42:30] INFO [quiet_batch_process_logger:47] TNT: ETA Processed...
[18/Apr/2024 11:42:34] INFO [quiet_batch_process_logger:47] TNT: ETA Processed...
[18/Apr/2024 11:42:56] INFO [quiet_batch_process_logger:47] TNT: ETA Processed...
[18/Apr/2024 11:44:04] INFO [quiet_batch_process_logger:26] TNT: Retrieving recordsfrom DB...
[18/Apr/2024 11:44:19] INFO [quiet_batch_process_logger:47] TNT: ETA Processed...
[18/Apr/2024 11:44:34] INFO [quiet_batch_process_logger:47] TNT: ETA Processed...
[18/Apr/2024 11:44:39] INFO [quiet_batch_process_logger:47] TNT: ETA Processed...
[18/Apr/2024 11:44:44] INFO [quiet_batch_process_logger:47] TNT: ETA Processed...
[18/Apr/2024 11:44:48] INFO [quiet_batch_process_logger:47] TNT: ETA Processed...
[18/Apr/2024 11:45:03] INFO [quiet_batch_process_logger:47] TNT: ETA Processed...
[18/Apr/2024 11:45:08] INFO [quiet_batch_process_logger:47] TNT: ETA Processed...
[18/Apr/2024 11:45:12] INFO [quiet_batch_process_logger:47] TNT: ETA Processed...
[18/Apr/2024 11:45:17] INFO [quiet_batch_process_logger:47] TNT: ETA Processed...
[18/Apr/2024 11:45:21] INFO [quiet_batch_process_logger:47] TNT: ETA Processed...
[18/Apr/2024 11:45:26] INFO [quiet_batch_process_logger:47] TNT: ETA Processed...
[18/Apr/2024 11:45:41] INFO [quiet_batch_process_logger:47] TNT: ETA Processed...
[18/Apr/2024 11:45:45] INFO [quiet_batch_process_logger:47] TNT: ETA Processed...
[18/Apr/2024 11:45:50] INFO [quiet_batch_process_logger:47] TNT: ETA Processed...
[18/Apr/2024 11:45:54] INFO [quiet_batch_process_logger:47] TNT: ETA Processed...
[18/Apr/2024 11:45:59] INFO [quiet_batch_process_logger:47] TNT: ETA Processed...
[18/Apr/2024 11:46:03] INFO [quiet_batch_process_logger:47] TNT: ETA Processed...
[18/Apr/2024 11:46:08] INFO [quiet_batch_process_logger:47] TNT: ETA Processed...
[18/Apr/2024 11:46:12] INFO [quiet_batch_process_logger:47] TNT: ETA Processed...
[18/Apr/2024 11:46:17] INFO [quiet_batch_process_logger:47] TNT: ETA Processed...
[18/Apr/2024 11:46:21] INFO [quiet_batch_process_logger:47] TNT: ETA Processed...
[18/Apr/2024 11:46:26] INFO [quiet_batch_process_logger:47] TNT: ETA Processed...
[18/Apr/2024 11:46:30] INFO [quiet_batch_process_logger:47] TNT: ETA Processed...
[18/Apr/2024 11:46:35] INFO [quiet_batch_process_logger:47] TNT: ETA Processed...
[18/Apr/2024 11:46:39] INFO [quiet_batch_process_logger:47] TNT: ETA Processed...
[18/Apr/2024 11:46:54] INFO [quiet_batch_process_logger:47] TNT: ETA Processed...
[18/Apr/2024 11:46:58] INFO [quiet_batch_process_logger:47] TNT: ETA Processed...
[18/Apr/2024 11:47:03] INFO [quiet_batch_process_logger:47] TNT: ETA Processed...
[18/Apr/2024 11:47:07] INFO [quiet_batch_process_logger:47] TNT: ETA Processed...
[18/Apr/2024 11:47:12] INFO [quiet_batch_process_logger:47] TNT: ETA Processed...
[18/Apr/2024 11:47:16] INFO [quiet_batch_process_logger:47] TNT: ETA Processed...
[18/Apr/2024 11:47:21] INFO [quiet_batch_process_logger:47] TNT: ETA Processed...
[18/Apr/2024 11:47:25] INFO [quiet_batch_process_logger:47] TNT: ETA Processed...
[18/Apr/2024 11:47:30] INFO [quiet_batch_process_logger:47] TNT: ETA Processed...
[18/Apr/2024 11:47:34] INFO [quiet_batch_process_logger:47] TNT: ETA Processed...
[18/Apr/2024 11:47:39] INFO [quiet_batch_process_logger:47] TNT: ETA Processed...
[18/Apr/2024 11:47:43] INFO [quiet_batch_process_logger:47] TNT: ETA Processed...
[18/Apr/2024 11:47:58] INFO [quiet_batch_process_logger:47] TNT: ETA Processed...
[18/Apr/2024 11:48:02] INFO [quiet_batch_process_logger:47] TNT: ETA Processed...
[18/Apr/2024 11:48:07] INFO [quiet_batch_process_logger:47] TNT: ETA Processed...
[18/Apr/2024 11:48:11] INFO [quiet_batch_process_logger:47] TNT: ETA Processed...
[18/Apr/2024 11:48:16] INFO [quiet_batch_process_logger:47] TNT: ETA Processed...
[18/Apr/2024 11:48:20] INFO [quiet_batch_process_logger:47] TNT: ETA Processed...
[18/Apr/2024 11:48:25] INFO [quiet_batch_process_logger:47] TNT: ETA Processed...
[18/Apr/2024 11:48:29] INFO [quiet_batch_process_logger:47] TNT: ETA Processed...
[18/Apr/2024 11:48:34] INFO [quiet_batch_process_logger:47] TNT: ETA Processed...
[18/Apr/2024 11:48:38] INFO [quiet_batch_process_logger:47] TNT: ETA Processed...
[18/Apr/2024 11:48:43] INFO [quiet_batch_process_logger:47] TNT: ETA Processed...
[18/Apr/2024 11:48:47] INFO [quiet_batch_process_logger:47] TNT: ETA Processed...
[18/Apr/2024 11:48:52] INFO [quiet_batch_process_logger:47] TNT: ETA Processed...
[18/Apr/2024 11:49:06] INFO [quiet_batch_process_logger:47] TNT: ETA Processed...
[18/Apr/2024 11:49:11] INFO [quiet_batch_process_logger:47] TNT: ETA Processed...
[18/Apr/2024 11:49:15] INFO [quiet_batch_process_logger:47] TNT: ETA Processed...
[18/Apr/2024 11:49:20] INFO [quiet_batch_process_logger:47] TNT: ETA Processed...
[18/Apr/2024 11:50:35] INFO [quiet_batch_process_logger:26] TNT: Retrieving recordsfrom DB...
[18/Apr/2024 11:50:54] INFO [quiet_batch_process_logger:26] TNT: Retrieving recordsfrom DB...
[18/Apr/2024 11:51:09] INFO [quiet_batch_process_logger:47] TNT: ETA Processed...
[18/Apr/2024 11:51:15] INFO [quiet_batch_process_logger:47] TNT: ETA Processed...
[18/Apr/2024 11:59:35] INFO [quiet_batch_process_logger:26] TNT: Retrieving recordsfrom DB...
[18/Apr/2024 11:59:50] INFO [quiet_batch_process_logger:47] TNT: ETA Processed...
[18/Apr/2024 11:59:55] INFO [quiet_batch_process_logger:47] TNT: ETA Processed...
[18/Apr/2024 11:59:59] INFO [quiet_batch_process_logger:47] TNT: ETA Processed...
[18/Apr/2024 12:00:04] INFO [quiet_batch_process_logger:47] TNT: ETA Processed...
[18/Apr/2024 12:00:08] INFO [quiet_batch_process_logger:47] TNT: ETA Processed...
[18/Apr/2024 12:00:23] INFO [quiet_batch_process_logger:47] TNT: ETA Processed...
[18/Apr/2024 12:00:27] INFO [quiet_batch_process_logger:47] TNT: ETA Processed...
[18/Apr/2024 12:00:42] INFO [quiet_batch_process_logger:47] TNT: ETA Processed...
[18/Apr/2024 12:00:56] INFO [quiet_batch_process_logger:47] TNT: ETA Processed...
[18/Apr/2024 12:01:01] INFO [quiet_batch_process_logger:47] TNT: ETA Processed...
[18/Apr/2024 12:01:16] INFO [quiet_batch_process_logger:47] TNT: ETA Processed...
[18/Apr/2024 12:01:20] INFO [quiet_batch_process_logger:47] TNT: ETA Processed...
[18/Apr/2024 12:01:25] INFO [quiet_batch_process_logger:47] TNT: ETA Processed...
[18/Apr/2024 12:01:40] INFO [quiet_batch_process_logger:47] TNT: ETA Processed...
[18/Apr/2024 12:01:54] INFO [quiet_batch_process_logger:47] TNT: ETA Processed...
[18/Apr/2024 12:02:08] INFO [quiet_batch_process_logger:47] TNT: ETA Processed...
[18/Apr/2024 12:44:31] INFO [quiet_batch_process_logger:26] TNT: Retrieving recordsfrom DB...
[18/Apr/2024 12:46:23] INFO [quiet_batch_process_logger:26] TNT: Retrieving recordsfrom DB...
[18/Apr/2024 12:46:33] INFO [quiet_batch_process_logger:46] TNT: ETA Processed...
[18/Apr/2024 12:46:38] INFO [quiet_batch_process_logger:46] TNT: ETA Processed...
[18/Apr/2024 12:46:42] INFO [quiet_batch_process_logger:46] TNT: ETA Processed...
[18/Apr/2024 12:46:47] INFO [quiet_batch_process_logger:46] TNT: ETA Processed...
[18/Apr/2024 12:46:52] INFO [quiet_batch_process_logger:46] TNT: ETA Processed...
[18/Apr/2024 12:47:02] INFO [quiet_batch_process_logger:46] TNT: ETA Processed...
[18/Apr/2024 12:47:06] INFO [quiet_batch_process_logger:46] TNT: ETA Processed...
[18/Apr/2024 12:47:16] INFO [quiet_batch_process_logger:46] TNT: ETA Processed...
[18/Apr/2024 12:47:26] INFO [quiet_batch_process_logger:46] TNT: ETA Processed...
[18/Apr/2024 12:47:30] INFO [quiet_batch_process_logger:46] TNT: ETA Processed...
[18/Apr/2024 13:00:51] INFO [quiet_batch_process_logger:26] TNT: Retrieving recordsfrom DB...
[18/Apr/2024 13:01:01] INFO [quiet_batch_process_logger:46] TNT: ETA Processed...
[18/Apr/2024 13:04:04] INFO [quiet_batch_process_logger:26] TNT: Retrieving recordsfrom DB...
[18/Apr/2024 13:04:15] INFO [quiet_batch_process_logger:46] TNT: ETA Processed...
[18/Apr/2024 13:04:20] INFO [quiet_batch_process_logger:46] TNT: ETA Processed...
[18/Apr/2024 13:04:29] INFO [quiet_batch_process_logger:46] TNT: ETA Processed...
[18/Apr/2024 13:12:11] INFO [quiet_batch_process_logger:26] TNT: Retrieving recordsfrom DB...
[18/Apr/2024 13:12:22] INFO [quiet_batch_process_logger:46] TNT: ETA Processed...
[18/Apr/2024 13:12:26] INFO [quiet_batch_process_logger:46] TNT: ETA Processed...
[18/Apr/2024 13:12:31] INFO [quiet_batch_process_logger:46] TNT: ETA Processed...
[18/Apr/2024 13:18:34] INFO [quiet_batch_process_logger:26] TNT: Retrieving recordsfrom DB...
[18/Apr/2024 13:18:44] INFO [quiet_batch_process_logger:46] TNT: ETA Processed...
[18/Apr/2024 13:18:49] INFO [quiet_batch_process_logger:46] TNT: ETA Processed...
[18/Apr/2024 13:18:54] INFO [quiet_batch_process_logger:46] TNT: ETA Processed...
[18/Apr/2024 13:18:57] INFO [quiet_batch_process_logger:46] TNT: ETA Processed...
[18/Apr/2024 13:22:05] INFO [quiet_batch_process_logger:26] TNT: Retrieving recordsfrom DB...
[18/Apr/2024 13:22:09] INFO [quiet_batch_process_logger:46] TNT: ETA Processed...
[18/Apr/2024 13:22:53] INFO [quiet_batch_process_logger:26] TNT: Retrieving recordsfrom DB...
[18/Apr/2024 13:23:02] INFO [quiet_batch_process_logger:46] TNT: ETA Processed...
[18/Apr/2024 13:23:07] INFO [quiet_batch_process_logger:46] TNT: ETA Processed...
[18/Apr/2024 13:24:53] INFO [quiet_batch_process_logger:26] TNT: Retrieving recordsfrom DB...
[18/Apr/2024 13:25:04] INFO [quiet_batch_process_logger:46] TNT: ETA Processed...
[18/Apr/2024 13:25:08] INFO [quiet_batch_process_logger:46] TNT: ETA Processed...
[18/Apr/2024 13:25:14] INFO [quiet_batch_process_logger:46] TNT: ETA Processed...
[18/Apr/2024 13:32:25] INFO [quiet_batch_process_logger:26] TNT: Retrieving recordsfrom DB...
[18/Apr/2024 13:32:35] INFO [quiet_batch_process_logger:46] TNT: ETA Processed...
[18/Apr/2024 13:32:39] INFO [quiet_batch_process_logger:46] TNT: ETA Processed...
[18/Apr/2024 13:33:19] INFO [quiet_batch_process_logger:26] TNT: Retrieving recordsfrom DB...
[18/Apr/2024 13:33:29] INFO [quiet_batch_process_logger:46] TNT: ETA Processed...
[18/Apr/2024 13:33:34] INFO [quiet_batch_process_logger:46] TNT: ETA Processed...
[18/Apr/2024 13:33:39] INFO [quiet_batch_process_logger:46] TNT: ETA Processed...
[18/Apr/2024 13:33:45] INFO [quiet_batch_process_logger:46] TNT: ETA Processed...
[18/Apr/2024 13:33:56] INFO [quiet_batch_process_logger:46] TNT: ETA Processed...
[18/Apr/2024 13:34:00] INFO [quiet_batch_process_logger:46] TNT: ETA Processed...
[18/Apr/2024 13:34:11] INFO [quiet_batch_process_logger:46] TNT: ETA Processed...
[18/Apr/2024 13:34:21] INFO [quiet_batch_process_logger:46] TNT: ETA Processed...
[18/Apr/2024 13:34:25] INFO [quiet_batch_process_logger:46] TNT: ETA Processed...
[18/Apr/2024 13:34:31] INFO [quiet_batch_process_logger:46] TNT: ETA Processed...
[18/Apr/2024 13:35:20] INFO [quiet_batch_process_logger:26] TNT: Retrieving recordsfrom DB...
[18/Apr/2024 13:35:37] INFO [quiet_batch_process_logger:46] TNT: ETA Processed...
[18/Apr/2024 13:35:42] INFO [quiet_batch_process_logger:46] TNT: ETA Processed...
[18/Apr/2024 13:35:48] INFO [quiet_batch_process_logger:46] TNT: ETA Processed...
[18/Apr/2024 13:35:52] INFO [quiet_batch_process_logger:46] TNT: ETA Processed...
[18/Apr/2024 13:40:32] INFO [quiet_batch_process_logger:26] TNT: Retrieving recordsfrom DB...
[18/Apr/2024 13:40:42] INFO [quiet_batch_process_logger:46] TNT: ETA Processed...
[18/Apr/2024 13:40:47] INFO [quiet_batch_process_logger:46] TNT: ETA Processed...
[18/Apr/2024 13:40:52] INFO [quiet_batch_process_logger:46] TNT: ETA Processed...
[18/Apr/2024 13:46:16] INFO [quiet_batch_process_logger:26] TNT: Retrieving recordsfrom DB...
[18/Apr/2024 13:46:32] INFO [quiet_batch_process_logger:46] TNT: ETA Processed...
[18/Apr/2024 13:46:38] INFO [quiet_batch_process_logger:46] TNT: ETA Processed...
[18/Apr/2024 13:46:44] INFO [quiet_batch_process_logger:46] TNT: ETA Processed...
[18/Apr/2024 13:46:52] INFO [quiet_batch_process_logger:46] TNT: ETA Processed...
[18/Apr/2024 13:47:03] INFO [quiet_batch_process_logger:46] TNT: ETA Processed...
[18/Apr/2024 13:47:07] INFO [quiet_batch_process_logger:46] TNT: ETA Processed...
[18/Apr/2024 13:47:21] INFO [quiet_batch_process_logger:46] TNT: ETA Processed...
[18/Apr/2024 13:47:38] INFO [quiet_batch_process_logger:46] TNT: ETA Processed...
[18/Apr/2024 13:47:51] INFO [quiet_batch_process_logger:46] TNT: ETA Processed...
[18/Apr/2024 13:48:03] INFO [quiet_batch_process_logger:46] TNT: ETA Processed...
[18/Apr/2024 13:48:14] INFO [quiet_batch_process_logger:46] TNT: ETA Processed...
[18/Apr/2024 13:48:20] INFO [quiet_batch_process_logger:46] TNT: ETA Processed...
